<?xml version="1.0" encoding="UTF-8"?>
<testng-results total="1" passed="1" failed="0" skipped="0">
  <reporter-output>
  </reporter-output>
  <suite started-at="2018-10-23T04:29:54Z" name="Command line suite" finished-at="2018-10-23T04:29:54Z" duration-ms="28">
    <groups>
    </groups>
    <test started-at="2018-10-23T04:29:54Z" name="Command line test" finished-at="2018-10-23T04:29:54Z" duration-ms="28">
      <class name="com.xtremax.qabase.microservices.AppTest">
        <test-method signature="testApp()[pri:0, instance:testApp(com.xtremax.qabase.microservices.AppTest)]" started-at="2018-10-23T12:29:54Z" name="testApp" finished-at="2018-10-23T12:29:54Z" duration-ms="1" status="PASS">
          <reporter-output>
          </reporter-output>
        </test-method> <!-- testApp -->
      </class> <!-- com.xtremax.qabase.microservices.AppTest -->
    </test> <!-- Command line test -->
  </suite> <!-- Command line suite -->
</testng-results>
