<?xml version="1.0" encoding="UTF-8"?>
<testng-results total="1" passed="1" failed="0" skipped="0">
  <reporter-output>
  </reporter-output>
  <suite started-at="2018-10-23T04:29:51Z" name="Command line suite" finished-at="2018-10-23T04:29:53Z" duration-ms="1971">
    <groups>
    </groups>
    <test started-at="2018-10-23T04:29:51Z" name="Command line test" finished-at="2018-10-23T04:29:53Z" duration-ms="1971">
      <class name="com.xtremax.qabase.microservices.ApiTest">
        <test-method signature="getUserData()[pri:0, instance:com.xtremax.qabase.microservices.ApiTest@65466a6a]" started-at="2018-10-23T12:29:51Z" name="getUserData" finished-at="2018-10-23T12:29:53Z" duration-ms="1957" status="PASS">
          <reporter-output>
          </reporter-output>
        </test-method> <!-- getUserData -->
      </class> <!-- com.xtremax.qabase.microservices.ApiTest -->
    </test> <!-- Command line test -->
  </suite> <!-- Command line suite -->
</testng-results>
