<?xml version="1.0" encoding="UTF-8"?>
<testng-results total="1" passed="1" failed="0" skipped="0">
  <reporter-output>
  </reporter-output>
  <suite started-at="2018-10-23T16:37:07Z" name="SuiteName" finished-at="2018-10-23T16:37:09Z" duration-ms="1986">
    <groups>
    </groups>
    <test started-at="2018-10-23T16:37:07Z" name="Test1" finished-at="2018-10-23T16:37:09Z" duration-ms="1986">
      <class name="com.xtremax.qabase.microservices.ApiTest">
        <test-method is-config="true" signature="start()[pri:0, instance:com.xtremax.qabase.microservices.ApiTest@1de5f259]" started-at="2018-10-24T00:37:07Z" name="start" finished-at="2018-10-24T00:37:07Z" duration-ms="6" status="PASS">
          <reporter-output>
          </reporter-output>
        </test-method> <!-- start -->
        <test-method signature="getUserData()[pri:0, instance:com.xtremax.qabase.microservices.ApiTest@1de5f259]" started-at="2018-10-24T00:37:07Z" name="getUserData" finished-at="2018-10-24T00:37:09Z" duration-ms="1969" status="PASS">
          <reporter-output>
          </reporter-output>
        </test-method> <!-- getUserData -->
        <test-method is-config="true" signature="end()[pri:0, instance:com.xtremax.qabase.microservices.ApiTest@1de5f259]" started-at="2018-10-24T00:37:09Z" name="end" finished-at="2018-10-24T00:37:09Z" duration-ms="0" status="PASS">
          <reporter-output>
          </reporter-output>
        </test-method> <!-- end -->
      </class> <!-- com.xtremax.qabase.microservices.ApiTest -->
    </test> <!-- Test1 -->
  </suite> <!-- SuiteName -->
</testng-results>
