<?xml version="1.0" encoding="UTF-8"?>
<!-- Generated by org.testng.reporters.JUnitXMLReporter -->
<testsuite hostname="X17-014S-PC" failures="0" tests="3" name="Test1" time="3.396" errors="0" timestamp="24 Oct 2018 15:04:02 GMT">
  <testcase classname="com.xtremax.qabase.microservices.ApiTest" name="createNewUser" time="1.757"/>
  <testcase classname="com.xtremax.qabase.microservices.ApiTest" name="getAllUserData" time="0.987"/>
  <testcase classname="com.xtremax.qabase.microservices.ApiTest" name="getUserDataById" time="0.63"/>
</testsuite> <!-- Test1 -->
